Analysis & Synthesis report for VendingMachine
Wed Aug 14 16:57:00 2019
Quartus II 64-Bit Version 13.0.1 Build 232 06/12/2013 Service Pack 1 SJ Web Edition


---------------------
; Table of Contents ;
---------------------
  1. Legal Notice
  2. Analysis & Synthesis Summary
  3. Analysis & Synthesis Settings
  4. Parallel Compilation
  5. Analysis & Synthesis Source Files Read
  6. Analysis & Synthesis Resource Usage Summary
  7. Analysis & Synthesis Resource Utilization by Entity
  8. Analysis & Synthesis RAM Summary
  9. Analysis & Synthesis IP Cores Summary
 10. State Machine - |VendingMachine|mde_b:g10|y_present
 11. State Machine - |VendingMachine|sbutton:g2|y_present
 12. Registers Removed During Synthesis
 13. General Register Statistics
 14. Source assignments for rom:g4|altsyncram:altsyncram_component|altsyncram_7981:auto_generated
 15. Parameter Settings for User Entity Instance: rom:g4|altsyncram:altsyncram_component
 16. altsyncram Parameter Settings by Entity Instance
 17. Port Connectivity Checks: "bin_to_bcd_10b:g12"
 18. Port Connectivity Checks: "comp10:g11|comp:g10"
 19. Port Connectivity Checks: "comp10:g11|comp:g1"
 20. Port Connectivity Checks: "comp10:g11"
 21. Port Connectivity Checks: "register10:g9|ffd:g20"
 22. Port Connectivity Checks: "register10:g9|ffd:g18"
 23. Port Connectivity Checks: "register10:g9|ffd:g16"
 24. Port Connectivity Checks: "register10:g9|ffd:g14"
 25. Port Connectivity Checks: "register10:g9|ffd:g12"
 26. Port Connectivity Checks: "register10:g9|ffd:g10"
 27. Port Connectivity Checks: "register10:g9|ffd:g8"
 28. Port Connectivity Checks: "register10:g9|ffd:g6"
 29. Port Connectivity Checks: "register10:g9|ffd:g4"
 30. Port Connectivity Checks: "register10:g9|ffd:g2"
 31. Port Connectivity Checks: "adder10:g8|full_adder:g10"
 32. Port Connectivity Checks: "adder10:g8"
 33. Port Connectivity Checks: "counter4:g3|incrementer4:g2|half_adder:g4"
 34. Port Connectivity Checks: "counter4:g3|incrementer4:g2|half_adder:g1"
 35. Port Connectivity Checks: "counter4:g3|register4:g1|ffd:g8"
 36. Port Connectivity Checks: "counter4:g3|register4:g1|ffd:g6"
 37. Port Connectivity Checks: "counter4:g3|register4:g1|ffd:g4"
 38. Port Connectivity Checks: "counter4:g3|register4:g1|ffd:g2"
 39. Elapsed Time Per Partition
 40. Analysis & Synthesis Messages



----------------
; Legal Notice ;
----------------
Copyright (C) 1991-2013 Altera Corporation
Your use of Altera Corporation's design tools, logic functions 
and other software and tools, and its AMPP partner logic 
functions, and any output files from any of the foregoing 
(including device programming or simulation files), and any 
associated documentation or information are expressly subject 
to the terms and conditions of the Altera Program License 
Subscription Agreement, Altera MegaCore Function License 
Agreement, or other applicable license agreement, including, 
without limitation, that your use is for the sole purpose of 
programming logic devices manufactured by Altera and sold by 
Altera or its authorized distributors.  Please refer to the 
applicable agreement for further details.



+--------------------------------------------------------------------------------------+
; Analysis & Synthesis Summary                                                         ;
+------------------------------------+-------------------------------------------------+
; Analysis & Synthesis Status        ; Successful - Wed Aug 14 16:57:00 2019           ;
; Quartus II 64-Bit Version          ; 13.0.1 Build 232 06/12/2013 SP 1 SJ Web Edition ;
; Revision Name                      ; VendingMachine                                  ;
; Top-level Entity Name              ; VendingMachine                                  ;
; Family                             ; Cyclone II                                      ;
; Total logic elements               ; 145                                             ;
;     Total combinational functions  ; 145                                             ;
;     Dedicated logic registers      ; 45                                              ;
; Total registers                    ; 45                                              ;
; Total pins                         ; 50                                              ;
; Total virtual pins                 ; 0                                               ;
; Total memory bits                  ; 96                                              ;
; Embedded Multiplier 9-bit elements ; 0                                               ;
; Total PLLs                         ; 0                                               ;
+------------------------------------+-------------------------------------------------+


+----------------------------------------------------------------------------------------------------------------------+
; Analysis & Synthesis Settings                                                                                        ;
+----------------------------------------------------------------------------+--------------------+--------------------+
; Option                                                                     ; Setting            ; Default Value      ;
+----------------------------------------------------------------------------+--------------------+--------------------+
; Device                                                                     ; EP2C35F672C6       ;                    ;
; Top-level entity name                                                      ; VendingMachine     ; VendingMachine     ;
; Family name                                                                ; Cyclone II         ; Cyclone IV GX      ;
; Use smart compilation                                                      ; Off                ; Off                ;
; Enable parallel Assembler and TimeQuest Timing Analyzer during compilation ; On                 ; On                 ;
; Enable compact report table                                                ; Off                ; Off                ;
; Restructure Multiplexers                                                   ; Auto               ; Auto               ;
; Create Debugging Nodes for IP Cores                                        ; Off                ; Off                ;
; Preserve fewer node names                                                  ; On                 ; On                 ;
; Disable OpenCore Plus hardware evaluation                                  ; Off                ; Off                ;
; Verilog Version                                                            ; Verilog_2001       ; Verilog_2001       ;
; VHDL Version                                                               ; VHDL_1993          ; VHDL_1993          ;
; State Machine Processing                                                   ; Auto               ; Auto               ;
; Safe State Machine                                                         ; Off                ; Off                ;
; Extract Verilog State Machines                                             ; On                 ; On                 ;
; Extract VHDL State Machines                                                ; On                 ; On                 ;
; Ignore Verilog initial constructs                                          ; Off                ; Off                ;
; Iteration limit for constant Verilog loops                                 ; 5000               ; 5000               ;
; Iteration limit for non-constant Verilog loops                             ; 250                ; 250                ;
; Add Pass-Through Logic to Inferred RAMs                                    ; On                 ; On                 ;
; Infer RAMs from Raw Logic                                                  ; On                 ; On                 ;
; Parallel Synthesis                                                         ; On                 ; On                 ;
; DSP Block Balancing                                                        ; Auto               ; Auto               ;
; NOT Gate Push-Back                                                         ; On                 ; On                 ;
; Power-Up Don't Care                                                        ; On                 ; On                 ;
; Remove Redundant Logic Cells                                               ; Off                ; Off                ;
; Remove Duplicate Registers                                                 ; On                 ; On                 ;
; Ignore CARRY Buffers                                                       ; Off                ; Off                ;
; Ignore CASCADE Buffers                                                     ; Off                ; Off                ;
; Ignore GLOBAL Buffers                                                      ; Off                ; Off                ;
; Ignore ROW GLOBAL Buffers                                                  ; Off                ; Off                ;
; Ignore LCELL Buffers                                                       ; Off                ; Off                ;
; Ignore SOFT Buffers                                                        ; On                 ; On                 ;
; Limit AHDL Integers to 32 Bits                                             ; Off                ; Off                ;
; Optimization Technique                                                     ; Balanced           ; Balanced           ;
; Carry Chain Length                                                         ; 70                 ; 70                 ;
; Auto Carry Chains                                                          ; On                 ; On                 ;
; Auto Open-Drain Pins                                                       ; On                 ; On                 ;
; Perform WYSIWYG Primitive Resynthesis                                      ; Off                ; Off                ;
; Auto ROM Replacement                                                       ; On                 ; On                 ;
; Auto RAM Replacement                                                       ; On                 ; On                 ;
; Auto Shift Register Replacement                                            ; Auto               ; Auto               ;
; Allow Shift Register Merging across Hierarchies                            ; Auto               ; Auto               ;
; Auto Clock Enable Replacement                                              ; On                 ; On                 ;
; Strict RAM Replacement                                                     ; Off                ; Off                ;
; Allow Synchronous Control Signals                                          ; On                 ; On                 ;
; Force Use of Synchronous Clear Signals                                     ; Off                ; Off                ;
; Auto RAM to Logic Cell Conversion                                          ; Off                ; Off                ;
; Auto Resource Sharing                                                      ; Off                ; Off                ;
; Allow Any RAM Size For Recognition                                         ; Off                ; Off                ;
; Allow Any ROM Size For Recognition                                         ; Off                ; Off                ;
; Allow Any Shift Register Size For Recognition                              ; Off                ; Off                ;
; Use LogicLock Constraints during Resource Balancing                        ; On                 ; On                 ;
; Ignore translate_off and synthesis_off directives                          ; Off                ; Off                ;
; Timing-Driven Synthesis                                                    ; Off                ; Off                ;
; Report Parameter Settings                                                  ; On                 ; On                 ;
; Report Source Assignments                                                  ; On                 ; On                 ;
; Report Connectivity Checks                                                 ; On                 ; On                 ;
; Ignore Maximum Fan-Out Assignments                                         ; Off                ; Off                ;
; Synchronization Register Chain Length                                      ; 2                  ; 2                  ;
; PowerPlay Power Optimization                                               ; Normal compilation ; Normal compilation ;
; HDL message level                                                          ; Level2             ; Level2             ;
; Suppress Register Optimization Related Messages                            ; Off                ; Off                ;
; Number of Removed Registers Reported in Synthesis Report                   ; 5000               ; 5000               ;
; Number of Swept Nodes Reported in Synthesis Report                         ; 5000               ; 5000               ;
; Number of Inverted Registers Reported in Synthesis Report                  ; 100                ; 100                ;
; Clock MUX Protection                                                       ; On                 ; On                 ;
; Auto Gated Clock Conversion                                                ; Off                ; Off                ;
; Block Design Naming                                                        ; Auto               ; Auto               ;
; SDC constraint protection                                                  ; Off                ; Off                ;
; Synthesis Effort                                                           ; Auto               ; Auto               ;
; Shift Register Replacement - Allow Asynchronous Clear Signal               ; On                 ; On                 ;
; Pre-Mapping Resynthesis Optimization                                       ; Off                ; Off                ;
; Analysis & Synthesis Message Level                                         ; Medium             ; Medium             ;
; Disable Register Merging Across Hierarchies                                ; Auto               ; Auto               ;
; Resource Aware Inference For Block RAM                                     ; On                 ; On                 ;
; Synthesis Seed                                                             ; 1                  ; 1                  ;
+----------------------------------------------------------------------------+--------------------+--------------------+


Parallel compilation was disabled, but you have multiple processors available. Enable parallel compilation to reduce compilation time.
+-------------------------------------+
; Parallel Compilation                ;
+----------------------------+--------+
; Processors                 ; Number ;
+----------------------------+--------+
; Number detected on machine ; 4      ;
; Maximum allowed            ; 1      ;
+----------------------------+--------+


+---------------------------------------------------------------------------------------------------------------------------------------------------------------------------+
; Analysis & Synthesis Source Files Read                                                                                                                                    ;
+----------------------------------+-----------------+----------------------------------+-------------------------------------------------------------------------+---------+
; File Name with User-Entered Path ; Used in Netlist ; File Type                        ; File Name with Absolute Path                                            ; Library ;
+----------------------------------+-----------------+----------------------------------+-------------------------------------------------------------------------+---------+
; mde_b.vhd                        ; yes             ; User VHDL File                   ; C:/Users/Aluno/Desktop/VendingMachine/mde_b.vhd                         ;         ;
; coin_values.mif                  ; yes             ; User Memory Initialization File  ; C:/Users/Aluno/Desktop/VendingMachine/coin_values.mif                   ;         ;
; register4.vhd                    ; yes             ; User VHDL File                   ; C:/Users/Aluno/Desktop/VendingMachine/register4.vhd                     ;         ;
; incrementer4.vhd                 ; yes             ; User VHDL File                   ; C:/Users/Aluno/Desktop/VendingMachine/incrementer4.vhd                  ;         ;
; counter4.vhd                     ; yes             ; User VHDL File                   ; C:/Users/Aluno/Desktop/VendingMachine/counter4.vhd                      ;         ;
; bin_to_bcd_6b.vhd                ; yes             ; User VHDL File                   ; C:/Users/Aluno/Desktop/VendingMachine/bin_to_bcd_6b.vhd                 ;         ;
; sbutton.vhd                      ; yes             ; User VHDL File                   ; C:/Users/Aluno/Desktop/VendingMachine/sbutton.vhd                       ;         ;
; CLK_Div.vhd                      ; yes             ; User VHDL File                   ; C:/Users/Aluno/Desktop/VendingMachine/CLK_Div.vhd                       ;         ;
; bin_to_bcd_10b.vhd               ; yes             ; User VHDL File                   ; C:/Users/Aluno/Desktop/VendingMachine/bin_to_bcd_10b.vhd                ;         ;
; bcd_7segment.vhd                 ; yes             ; User VHDL File                   ; C:/Users/Aluno/Desktop/VendingMachine/bcd_7segment.vhd                  ;         ;
; half_adder.vhd                   ; yes             ; User VHDL File                   ; C:/Users/Aluno/Desktop/VendingMachine/half_adder.vhd                    ;         ;
; register10.vhd                   ; yes             ; User VHDL File                   ; C:/Users/Aluno/Desktop/VendingMachine/register10.vhd                    ;         ;
; mux2x1.vhd                       ; yes             ; User VHDL File                   ; C:/Users/Aluno/Desktop/VendingMachine/mux2x1.vhd                        ;         ;
; ffd.vhd                          ; yes             ; User VHDL File                   ; C:/Users/Aluno/Desktop/VendingMachine/ffd.vhd                           ;         ;
; full_adder.vhd                   ; yes             ; User VHDL File                   ; C:/Users/Aluno/Desktop/VendingMachine/full_adder.vhd                    ;         ;
; adder10.vhd                      ; yes             ; User VHDL File                   ; C:/Users/Aluno/Desktop/VendingMachine/adder10.vhd                       ;         ;
; comp.vhd                         ; yes             ; User VHDL File                   ; C:/Users/Aluno/Desktop/VendingMachine/comp.vhd                          ;         ;
; comp10.vhd                       ; yes             ; User VHDL File                   ; C:/Users/Aluno/Desktop/VendingMachine/comp10.vhd                        ;         ;
; VendingMachine.vhd               ; yes             ; User VHDL File                   ; C:/Users/Aluno/Desktop/VendingMachine/VendingMachine.vhd                ;         ;
; rom.vhd                          ; yes             ; User Wizard-Generated File       ; C:/Users/Aluno/Desktop/VendingMachine/rom.vhd                           ;         ;
; altsyncram.tdf                   ; yes             ; Megafunction                     ; c:/altera/13.0sp1/quartus/libraries/megafunctions/altsyncram.tdf        ;         ;
; stratix_ram_block.inc            ; yes             ; Megafunction                     ; c:/altera/13.0sp1/quartus/libraries/megafunctions/stratix_ram_block.inc ;         ;
; lpm_mux.inc                      ; yes             ; Megafunction                     ; c:/altera/13.0sp1/quartus/libraries/megafunctions/lpm_mux.inc           ;         ;
; lpm_decode.inc                   ; yes             ; Megafunction                     ; c:/altera/13.0sp1/quartus/libraries/megafunctions/lpm_decode.inc        ;         ;
; aglobal130.inc                   ; yes             ; Megafunction                     ; c:/altera/13.0sp1/quartus/libraries/megafunctions/aglobal130.inc        ;         ;
; a_rdenreg.inc                    ; yes             ; Megafunction                     ; c:/altera/13.0sp1/quartus/libraries/megafunctions/a_rdenreg.inc         ;         ;
; altrom.inc                       ; yes             ; Megafunction                     ; c:/altera/13.0sp1/quartus/libraries/megafunctions/altrom.inc            ;         ;
; altram.inc                       ; yes             ; Megafunction                     ; c:/altera/13.0sp1/quartus/libraries/megafunctions/altram.inc            ;         ;
; altdpram.inc                     ; yes             ; Megafunction                     ; c:/altera/13.0sp1/quartus/libraries/megafunctions/altdpram.inc          ;         ;
; db/altsyncram_7981.tdf           ; yes             ; Auto-Generated Megafunction      ; C:/Users/Aluno/Desktop/VendingMachine/db/altsyncram_7981.tdf            ;         ;
+----------------------------------+-----------------+----------------------------------+-------------------------------------------------------------------------+---------+


+-------------------------------------------------------------+
; Analysis & Synthesis Resource Usage Summary                 ;
+---------------------------------------------+---------------+
; Resource                                    ; Usage         ;
+---------------------------------------------+---------------+
; Estimated Total logic elements              ; 145           ;
;                                             ;               ;
; Total combinational functions               ; 145           ;
; Logic element usage by number of LUT inputs ;               ;
;     -- 4 input functions                    ; 87            ;
;     -- 3 input functions                    ; 13            ;
;     -- <=2 input functions                  ; 45            ;
;                                             ;               ;
; Logic elements by mode                      ;               ;
;     -- normal mode                          ; 122           ;
;     -- arithmetic mode                      ; 23            ;
;                                             ;               ;
; Total registers                             ; 45            ;
;     -- Dedicated logic registers            ; 45            ;
;     -- I/O registers                        ; 0             ;
;                                             ;               ;
; I/O pins                                    ; 50            ;
; Total memory bits                           ; 96            ;
; Embedded Multiplier 9-bit elements          ; 0             ;
; Maximum fan-out node                        ; CLK_Div:g1|ax ;
; Maximum fan-out                             ; 28            ;
; Total fan-out                               ; 652           ;
; Average fan-out                             ; 2.65          ;
+---------------------------------------------+---------------+


+--------------------------------------------------------------------------------------------------------------------------------------------------------------------------------------------------------------------------------------------------------------+
; Analysis & Synthesis Resource Utilization by Entity                                                                                                                                                                                                          ;
+-------------------------------------------+-------------------+--------------+-------------+--------------+---------+-----------+------+--------------+---------------------------------------------------------------------------------------+--------------+
; Compilation Hierarchy Node                ; LC Combinationals ; LC Registers ; Memory Bits ; DSP Elements ; DSP 9x9 ; DSP 18x18 ; Pins ; Virtual Pins ; Full Hierarchy Name                                                                   ; Library Name ;
+-------------------------------------------+-------------------+--------------+-------------+--------------+---------+-----------+------+--------------+---------------------------------------------------------------------------------------+--------------+
; |VendingMachine                           ; 145 (0)           ; 45 (0)       ; 96          ; 0            ; 0       ; 0         ; 50   ; 0            ; |VendingMachine                                                                       ; work         ;
;    |CLK_Div:g1|                           ; 47 (47)           ; 25 (25)      ; 0           ; 0            ; 0       ; 0         ; 0    ; 0            ; |VendingMachine|CLK_Div:g1                                                            ; work         ;
;    |adder10:g8|                           ; 11 (0)            ; 0 (0)        ; 0           ; 0            ; 0       ; 0         ; 0    ; 0            ; |VendingMachine|adder10:g8                                                            ; work         ;
;       |full_adder:g2|                     ; 2 (2)             ; 0 (0)        ; 0           ; 0            ; 0       ; 0         ; 0    ; 0            ; |VendingMachine|adder10:g8|full_adder:g2                                              ; work         ;
;       |full_adder:g3|                     ; 1 (1)             ; 0 (0)        ; 0           ; 0            ; 0       ; 0         ; 0    ; 0            ; |VendingMachine|adder10:g8|full_adder:g3                                              ; work         ;
;       |full_adder:g4|                     ; 5 (5)             ; 0 (0)        ; 0           ; 0            ; 0       ; 0         ; 0    ; 0            ; |VendingMachine|adder10:g8|full_adder:g4                                              ; work         ;
;       |full_adder:g5|                     ; 2 (2)             ; 0 (0)        ; 0           ; 0            ; 0       ; 0         ; 0    ; 0            ; |VendingMachine|adder10:g8|full_adder:g5                                              ; work         ;
;       |full_adder:g6|                     ; 1 (1)             ; 0 (0)        ; 0           ; 0            ; 0       ; 0         ; 0    ; 0            ; |VendingMachine|adder10:g8|full_adder:g6                                              ; work         ;
;    |bcd_7segment:g15|                     ; 7 (7)             ; 0 (0)        ; 0           ; 0            ; 0       ; 0         ; 0    ; 0            ; |VendingMachine|bcd_7segment:g15                                                      ; work         ;
;    |bcd_7segment:g6|                      ; 7 (7)             ; 0 (0)        ; 0           ; 0            ; 0       ; 0         ; 0    ; 0            ; |VendingMachine|bcd_7segment:g6                                                       ; work         ;
;    |bcd_7segment:g7|                      ; 9 (9)             ; 0 (0)        ; 0           ; 0            ; 0       ; 0         ; 0    ; 0            ; |VendingMachine|bcd_7segment:g7                                                       ; work         ;
;    |bin_to_bcd_10b:g12|                   ; 18 (18)           ; 0 (0)        ; 0           ; 0            ; 0       ; 0         ; 0    ; 0            ; |VendingMachine|bin_to_bcd_10b:g12                                                    ; work         ;
;    |bin_to_bcd_6b:g5|                     ; 9 (9)             ; 0 (0)        ; 0           ; 0            ; 0       ; 0         ; 0    ; 0            ; |VendingMachine|bin_to_bcd_6b:g5                                                      ; work         ;
;    |comp10:g11|                           ; 16 (0)            ; 0 (0)        ; 0           ; 0            ; 0       ; 0         ; 0    ; 0            ; |VendingMachine|comp10:g11                                                            ; work         ;
;       |comp:g10|                          ; 6 (6)             ; 0 (0)        ; 0           ; 0            ; 0       ; 0         ; 0    ; 0            ; |VendingMachine|comp10:g11|comp:g10                                                   ; work         ;
;       |comp:g3|                           ; 1 (1)             ; 0 (0)        ; 0           ; 0            ; 0       ; 0         ; 0    ; 0            ; |VendingMachine|comp10:g11|comp:g3                                                    ; work         ;
;       |comp:g4|                           ; 2 (2)             ; 0 (0)        ; 0           ; 0            ; 0       ; 0         ; 0    ; 0            ; |VendingMachine|comp10:g11|comp:g4                                                    ; work         ;
;       |comp:g5|                           ; 2 (2)             ; 0 (0)        ; 0           ; 0            ; 0       ; 0         ; 0    ; 0            ; |VendingMachine|comp10:g11|comp:g5                                                    ; work         ;
;       |comp:g6|                           ; 3 (3)             ; 0 (0)        ; 0           ; 0            ; 0       ; 0         ; 0    ; 0            ; |VendingMachine|comp10:g11|comp:g6                                                    ; work         ;
;       |comp:g7|                           ; 1 (1)             ; 0 (0)        ; 0           ; 0            ; 0       ; 0         ; 0    ; 0            ; |VendingMachine|comp10:g11|comp:g7                                                    ; work         ;
;       |comp:g8|                           ; 1 (1)             ; 0 (0)        ; 0           ; 0            ; 0       ; 0         ; 0    ; 0            ; |VendingMachine|comp10:g11|comp:g8                                                    ; work         ;
;    |counter4:g3|                          ; 5 (0)             ; 4 (0)        ; 0           ; 0            ; 0       ; 0         ; 0    ; 0            ; |VendingMachine|counter4:g3                                                           ; work         ;
;       |register4:g1|                      ; 5 (0)             ; 4 (0)        ; 0           ; 0            ; 0       ; 0         ; 0    ; 0            ; |VendingMachine|counter4:g3|register4:g1                                              ; work         ;
;          |ffd:g2|                         ; 1 (1)             ; 1 (1)        ; 0           ; 0            ; 0       ; 0         ; 0    ; 0            ; |VendingMachine|counter4:g3|register4:g1|ffd:g2                                       ; work         ;
;          |ffd:g4|                         ; 1 (1)             ; 1 (1)        ; 0           ; 0            ; 0       ; 0         ; 0    ; 0            ; |VendingMachine|counter4:g3|register4:g1|ffd:g4                                       ; work         ;
;          |ffd:g6|                         ; 1 (1)             ; 1 (1)        ; 0           ; 0            ; 0       ; 0         ; 0    ; 0            ; |VendingMachine|counter4:g3|register4:g1|ffd:g6                                       ; work         ;
;          |ffd:g8|                         ; 2 (2)             ; 1 (1)        ; 0           ; 0            ; 0       ; 0         ; 0    ; 0            ; |VendingMachine|counter4:g3|register4:g1|ffd:g8                                       ; work         ;
;    |mde_b:g10|                            ; 7 (7)             ; 4 (4)        ; 0           ; 0            ; 0       ; 0         ; 0    ; 0            ; |VendingMachine|mde_b:g10                                                             ; work         ;
;    |register10:g9|                        ; 7 (0)             ; 10 (0)       ; 0           ; 0            ; 0       ; 0         ; 0    ; 0            ; |VendingMachine|register10:g9                                                         ; work         ;
;       |ffd:g10|                           ; 0 (0)             ; 1 (1)        ; 0           ; 0            ; 0       ; 0         ; 0    ; 0            ; |VendingMachine|register10:g9|ffd:g10                                                 ; work         ;
;       |ffd:g12|                           ; 0 (0)             ; 1 (1)        ; 0           ; 0            ; 0       ; 0         ; 0    ; 0            ; |VendingMachine|register10:g9|ffd:g12                                                 ; work         ;
;       |ffd:g14|                           ; 2 (2)             ; 1 (1)        ; 0           ; 0            ; 0       ; 0         ; 0    ; 0            ; |VendingMachine|register10:g9|ffd:g14                                                 ; work         ;
;       |ffd:g16|                           ; 1 (1)             ; 1 (1)        ; 0           ; 0            ; 0       ; 0         ; 0    ; 0            ; |VendingMachine|register10:g9|ffd:g16                                                 ; work         ;
;       |ffd:g18|                           ; 1 (1)             ; 1 (1)        ; 0           ; 0            ; 0       ; 0         ; 0    ; 0            ; |VendingMachine|register10:g9|ffd:g18                                                 ; work         ;
;       |ffd:g20|                           ; 2 (2)             ; 1 (1)        ; 0           ; 0            ; 0       ; 0         ; 0    ; 0            ; |VendingMachine|register10:g9|ffd:g20                                                 ; work         ;
;       |ffd:g2|                            ; 1 (1)             ; 1 (1)        ; 0           ; 0            ; 0       ; 0         ; 0    ; 0            ; |VendingMachine|register10:g9|ffd:g2                                                  ; work         ;
;       |ffd:g4|                            ; 0 (0)             ; 1 (1)        ; 0           ; 0            ; 0       ; 0         ; 0    ; 0            ; |VendingMachine|register10:g9|ffd:g4                                                  ; work         ;
;       |ffd:g6|                            ; 0 (0)             ; 1 (1)        ; 0           ; 0            ; 0       ; 0         ; 0    ; 0            ; |VendingMachine|register10:g9|ffd:g6                                                  ; work         ;
;       |ffd:g8|                            ; 0 (0)             ; 1 (1)        ; 0           ; 0            ; 0       ; 0         ; 0    ; 0            ; |VendingMachine|register10:g9|ffd:g8                                                  ; work         ;
;    |rom:g4|                               ; 0 (0)             ; 0 (0)        ; 96          ; 0            ; 0       ; 0         ; 0    ; 0            ; |VendingMachine|rom:g4                                                                ; work         ;
;       |altsyncram:altsyncram_component|   ; 0 (0)             ; 0 (0)        ; 96          ; 0            ; 0       ; 0         ; 0    ; 0            ; |VendingMachine|rom:g4|altsyncram:altsyncram_component                                ; work         ;
;          |altsyncram_7981:auto_generated| ; 0 (0)             ; 0 (0)        ; 96          ; 0            ; 0       ; 0         ; 0    ; 0            ; |VendingMachine|rom:g4|altsyncram:altsyncram_component|altsyncram_7981:auto_generated ; work         ;
;    |sbutton:g2|                           ; 2 (2)             ; 2 (2)        ; 0           ; 0            ; 0       ; 0         ; 0    ; 0            ; |VendingMachine|sbutton:g2                                                            ; work         ;
+-------------------------------------------+-------------------+--------------+-------------+--------------+---------+-----------+------+--------------+---------------------------------------------------------------------------------------+--------------+
Note: For table entries with two numbers listed, the numbers in parentheses indicate the number of resources of the given type used by the specific entity alone. The numbers listed outside of parentheses indicate the total resources of the given type used by the specific entity and all of its sub-entities in the hierarchy.


+-------------------------------------------------------------------------------------------------------------------------------------------------------------------------------------+
; Analysis & Synthesis RAM Summary                                                                                                                                                    ;
+----------------------------------------------------------------------------------+------+------+--------------+--------------+--------------+--------------+------+-----------------+
; Name                                                                             ; Type ; Mode ; Port A Depth ; Port A Width ; Port B Depth ; Port B Width ; Size ; MIF             ;
+----------------------------------------------------------------------------------+------+------+--------------+--------------+--------------+--------------+------+-----------------+
; rom:g4|altsyncram:altsyncram_component|altsyncram_7981:auto_generated|ALTSYNCRAM ; AUTO ; ROM  ; 16           ; 6            ; --           ; --           ; 96   ; coin_values.mif ;
+----------------------------------------------------------------------------------+------+------+--------------+--------------+--------------+--------------+------+-----------------+


+----------------------------------------------------------------------------------------------------------------------------------------+
; Analysis & Synthesis IP Cores Summary                                                                                                  ;
+--------+--------------+---------+--------------+--------------+------------------------+-----------------------------------------------+
; Vendor ; IP Core Name ; Version ; Release Date ; License Type ; Entity Instance        ; IP Include File                               ;
+--------+--------------+---------+--------------+--------------+------------------------+-----------------------------------------------+
; Altera ; ROM: 1-PORT  ; 13.0    ; N/A          ; N/A          ; |VendingMachine|rom:g4 ; C:/Users/Aluno/Desktop/VendingMachine/rom.vhd ;
+--------+--------------+---------+--------------+--------------+------------------------+-----------------------------------------------+


Encoding Type:  One-Hot
+--------------------------------------------------------------------------------------------------+
; State Machine - |VendingMachine|mde_b:g10|y_present                                              ;
+--------------------+--------------------+-----------------+-------------------+------------------+
; Name               ; y_present.Fornecer ; y_present.Somar ; y_present.Esperar ; y_present.Inicio ;
+--------------------+--------------------+-----------------+-------------------+------------------+
; y_present.Inicio   ; 0                  ; 0               ; 0                 ; 0                ;
; y_present.Esperar  ; 0                  ; 0               ; 1                 ; 1                ;
; y_present.Somar    ; 0                  ; 1               ; 0                 ; 1                ;
; y_present.Fornecer ; 1                  ; 0               ; 0                 ; 1                ;
+--------------------+--------------------+-----------------+-------------------+------------------+


Encoding Type:  One-Hot
+-------------------------------------------------------+
; State Machine - |VendingMachine|sbutton:g2|y_present  ;
+-------------+-------------+-------------+-------------+
; Name        ; y_present.c ; y_present.b ; y_present.a ;
+-------------+-------------+-------------+-------------+
; y_present.a ; 0           ; 0           ; 0           ;
; y_present.b ; 0           ; 1           ; 1           ;
; y_present.c ; 1           ; 0           ; 1           ;
+-------------+-------------+-------------+-------------+


+------------------------------------------------------------+
; Registers Removed During Synthesis                         ;
+---------------------------------------+--------------------+
; Register name                         ; Reason for Removal ;
+---------------------------------------+--------------------+
; sbutton:g2|y_present.c                ; Lost fanout        ;
; Total Number of Removed Registers = 1 ;                    ;
+---------------------------------------+--------------------+


+------------------------------------------------------+
; General Register Statistics                          ;
+----------------------------------------------+-------+
; Statistic                                    ; Value ;
+----------------------------------------------+-------+
; Total registers                              ; 45    ;
; Number of registers using Synchronous Clear  ; 0     ;
; Number of registers using Synchronous Load   ; 0     ;
; Number of registers using Asynchronous Clear ; 14    ;
; Number of registers using Asynchronous Load  ; 0     ;
; Number of registers using Clock Enable       ; 5     ;
; Number of registers using Preset             ; 0     ;
+----------------------------------------------+-------+


+----------------------------------------------------------------------------------------------+
; Source assignments for rom:g4|altsyncram:altsyncram_component|altsyncram_7981:auto_generated ;
+---------------------------------+--------------------+------+--------------------------------+
; Assignment                      ; Value              ; From ; To                             ;
+---------------------------------+--------------------+------+--------------------------------+
; OPTIMIZE_POWER_DURING_SYNTHESIS ; NORMAL_COMPILATION ; -    ; -                              ;
+---------------------------------+--------------------+------+--------------------------------+


+-------------------------------------------------------------------------------------+
; Parameter Settings for User Entity Instance: rom:g4|altsyncram:altsyncram_component ;
+------------------------------------+----------------------+-------------------------+
; Parameter Name                     ; Value                ; Type                    ;
+------------------------------------+----------------------+-------------------------+
; BYTE_SIZE_BLOCK                    ; 8                    ; Untyped                 ;
; AUTO_CARRY_CHAINS                  ; ON                   ; AUTO_CARRY              ;
; IGNORE_CARRY_BUFFERS               ; OFF                  ; IGNORE_CARRY            ;
; AUTO_CASCADE_CHAINS                ; ON                   ; AUTO_CASCADE            ;
; IGNORE_CASCADE_BUFFERS             ; OFF                  ; IGNORE_CASCADE          ;
; WIDTH_BYTEENA                      ; 1                    ; Untyped                 ;
; OPERATION_MODE                     ; ROM                  ; Untyped                 ;
; WIDTH_A                            ; 6                    ; Signed Integer          ;
; WIDTHAD_A                          ; 4                    ; Signed Integer          ;
; NUMWORDS_A                         ; 16                   ; Signed Integer          ;
; OUTDATA_REG_A                      ; UNREGISTERED         ; Untyped                 ;
; ADDRESS_ACLR_A                     ; NONE                 ; Untyped                 ;
; OUTDATA_ACLR_A                     ; NONE                 ; Untyped                 ;
; WRCONTROL_ACLR_A                   ; NONE                 ; Untyped                 ;
; INDATA_ACLR_A                      ; NONE                 ; Untyped                 ;
; BYTEENA_ACLR_A                     ; NONE                 ; Untyped                 ;
; WIDTH_B                            ; 1                    ; Untyped                 ;
; WIDTHAD_B                          ; 1                    ; Untyped                 ;
; NUMWORDS_B                         ; 1                    ; Untyped                 ;
; INDATA_REG_B                       ; CLOCK1               ; Untyped                 ;
; WRCONTROL_WRADDRESS_REG_B          ; CLOCK1               ; Untyped                 ;
; RDCONTROL_REG_B                    ; CLOCK1               ; Untyped                 ;
; ADDRESS_REG_B                      ; CLOCK1               ; Untyped                 ;
; OUTDATA_REG_B                      ; UNREGISTERED         ; Untyped                 ;
; BYTEENA_REG_B                      ; CLOCK1               ; Untyped                 ;
; INDATA_ACLR_B                      ; NONE                 ; Untyped                 ;
; WRCONTROL_ACLR_B                   ; NONE                 ; Untyped                 ;
; ADDRESS_ACLR_B                     ; NONE                 ; Untyped                 ;
; OUTDATA_ACLR_B                     ; NONE                 ; Untyped                 ;
; RDCONTROL_ACLR_B                   ; NONE                 ; Untyped                 ;
; BYTEENA_ACLR_B                     ; NONE                 ; Untyped                 ;
; WIDTH_BYTEENA_A                    ; 1                    ; Signed Integer          ;
; WIDTH_BYTEENA_B                    ; 1                    ; Untyped                 ;
; RAM_BLOCK_TYPE                     ; AUTO                 ; Untyped                 ;
; BYTE_SIZE                          ; 8                    ; Untyped                 ;
; READ_DURING_WRITE_MODE_MIXED_PORTS ; DONT_CARE            ; Untyped                 ;
; READ_DURING_WRITE_MODE_PORT_A      ; NEW_DATA_NO_NBE_READ ; Untyped                 ;
; READ_DURING_WRITE_MODE_PORT_B      ; NEW_DATA_NO_NBE_READ ; Untyped                 ;
; INIT_FILE                          ; coin_values.mif      ; Untyped                 ;
; INIT_FILE_LAYOUT                   ; PORT_A               ; Untyped                 ;
; MAXIMUM_DEPTH                      ; 0                    ; Untyped                 ;
; CLOCK_ENABLE_INPUT_A               ; BYPASS               ; Untyped                 ;
; CLOCK_ENABLE_INPUT_B               ; NORMAL               ; Untyped                 ;
; CLOCK_ENABLE_OUTPUT_A              ; BYPASS               ; Untyped                 ;
; CLOCK_ENABLE_OUTPUT_B              ; NORMAL               ; Untyped                 ;
; CLOCK_ENABLE_CORE_A                ; USE_INPUT_CLKEN      ; Untyped                 ;
; CLOCK_ENABLE_CORE_B                ; USE_INPUT_CLKEN      ; Untyped                 ;
; ENABLE_ECC                         ; FALSE                ; Untyped                 ;
; ECC_PIPELINE_STAGE_ENABLED         ; FALSE                ; Untyped                 ;
; WIDTH_ECCSTATUS                    ; 3                    ; Untyped                 ;
; DEVICE_FAMILY                      ; Cyclone II           ; Untyped                 ;
; CBXI_PARAMETER                     ; altsyncram_7981      ; Untyped                 ;
+------------------------------------+----------------------+-------------------------+
Note: In order to hide this table in the UI and the text report file, please set the "Show Parameter Settings in Synthesis Report" option in "Analysis and Synthesis Settings -> More Settings" to "Off".


+------------------------------------------------------------------------------------+
; altsyncram Parameter Settings by Entity Instance                                   ;
+-------------------------------------------+----------------------------------------+
; Name                                      ; Value                                  ;
+-------------------------------------------+----------------------------------------+
; Number of entity instances                ; 1                                      ;
; Entity Instance                           ; rom:g4|altsyncram:altsyncram_component ;
;     -- OPERATION_MODE                     ; ROM                                    ;
;     -- WIDTH_A                            ; 6                                      ;
;     -- NUMWORDS_A                         ; 16                                     ;
;     -- OUTDATA_REG_A                      ; UNREGISTERED                           ;
;     -- WIDTH_B                            ; 1                                      ;
;     -- NUMWORDS_B                         ; 1                                      ;
;     -- ADDRESS_REG_B                      ; CLOCK1                                 ;
;     -- OUTDATA_REG_B                      ; UNREGISTERED                           ;
;     -- RAM_BLOCK_TYPE                     ; AUTO                                   ;
;     -- READ_DURING_WRITE_MODE_MIXED_PORTS ; DONT_CARE                              ;
+-------------------------------------------+----------------------------------------+


+--------------------------------------------------------------------------------------------------------------------+
; Port Connectivity Checks: "bin_to_bcd_10b:g12"                                                                     ;
+----------+--------+----------+-------------------------------------------------------------------------------------+
; Port     ; Type   ; Severity ; Details                                                                             ;
+----------+--------+----------+-------------------------------------------------------------------------------------+
; hundreds ; Output ; Info     ; Connected to dangling logic. Logic that only feeds a dangling port will be removed. ;
; tens     ; Output ; Info     ; Connected to dangling logic. Logic that only feeds a dangling port will be removed. ;
+----------+--------+----------+-------------------------------------------------------------------------------------+


+------------------------------------------------------------------------------------------------------------------+
; Port Connectivity Checks: "comp10:g11|comp:g10"                                                                  ;
+--------+--------+----------+-------------------------------------------------------------------------------------+
; Port   ; Type   ; Severity ; Details                                                                             ;
+--------+--------+----------+-------------------------------------------------------------------------------------+
; out_gt ; Output ; Info     ; Connected to dangling logic. Logic that only feeds a dangling port will be removed. ;
; out_eq ; Output ; Info     ; Connected to dangling logic. Logic that only feeds a dangling port will be removed. ;
+--------+--------+----------+-------------------------------------------------------------------------------------+


+------------------------------------------------+
; Port Connectivity Checks: "comp10:g11|comp:g1" ;
+-------+-------+----------+---------------------+
; Port  ; Type  ; Severity ; Details             ;
+-------+-------+----------+---------------------+
; in_gt ; Input ; Info     ; Stuck at GND        ;
; in_eq ; Input ; Info     ; Stuck at VCC        ;
; in_lt ; Input ; Info     ; Stuck at GND        ;
+-------+-------+----------+---------------------+


+----------------------------------------+
; Port Connectivity Checks: "comp10:g11" ;
+------+-------+----------+--------------+
; Port ; Type  ; Severity ; Details      ;
+------+-------+----------+--------------+
; b9   ; Input ; Info     ; Stuck at GND ;
; b8   ; Input ; Info     ; Stuck at GND ;
+------+-------+----------+--------------+


+---------------------------------------------------+
; Port Connectivity Checks: "register10:g9|ffd:g20" ;
+------+-------+----------+-------------------------+
; Port ; Type  ; Severity ; Details                 ;
+------+-------+----------+-------------------------+
; p    ; Input ; Info     ; Stuck at VCC            ;
+------+-------+----------+-------------------------+


+---------------------------------------------------+
; Port Connectivity Checks: "register10:g9|ffd:g18" ;
+------+-------+----------+-------------------------+
; Port ; Type  ; Severity ; Details                 ;
+------+-------+----------+-------------------------+
; p    ; Input ; Info     ; Stuck at VCC            ;
+------+-------+----------+-------------------------+


+---------------------------------------------------+
; Port Connectivity Checks: "register10:g9|ffd:g16" ;
+------+-------+----------+-------------------------+
; Port ; Type  ; Severity ; Details                 ;
+------+-------+----------+-------------------------+
; p    ; Input ; Info     ; Stuck at VCC            ;
+------+-------+----------+-------------------------+


+---------------------------------------------------+
; Port Connectivity Checks: "register10:g9|ffd:g14" ;
+------+-------+----------+-------------------------+
; Port ; Type  ; Severity ; Details                 ;
+------+-------+----------+-------------------------+
; p    ; Input ; Info     ; Stuck at VCC            ;
+------+-------+----------+-------------------------+


+---------------------------------------------------+
; Port Connectivity Checks: "register10:g9|ffd:g12" ;
+------+-------+----------+-------------------------+
; Port ; Type  ; Severity ; Details                 ;
+------+-------+----------+-------------------------+
; p    ; Input ; Info     ; Stuck at VCC            ;
+------+-------+----------+-------------------------+


+---------------------------------------------------+
; Port Connectivity Checks: "register10:g9|ffd:g10" ;
+------+-------+----------+-------------------------+
; Port ; Type  ; Severity ; Details                 ;
+------+-------+----------+-------------------------+
; p    ; Input ; Info     ; Stuck at VCC            ;
+------+-------+----------+-------------------------+


+--------------------------------------------------+
; Port Connectivity Checks: "register10:g9|ffd:g8" ;
+------+-------+----------+------------------------+
; Port ; Type  ; Severity ; Details                ;
+------+-------+----------+------------------------+
; p    ; Input ; Info     ; Stuck at VCC           ;
+------+-------+----------+------------------------+


+--------------------------------------------------+
; Port Connectivity Checks: "register10:g9|ffd:g6" ;
+------+-------+----------+------------------------+
; Port ; Type  ; Severity ; Details                ;
+------+-------+----------+------------------------+
; p    ; Input ; Info     ; Stuck at VCC           ;
+------+-------+----------+------------------------+


+--------------------------------------------------+
; Port Connectivity Checks: "register10:g9|ffd:g4" ;
+------+-------+----------+------------------------+
; Port ; Type  ; Severity ; Details                ;
+------+-------+----------+------------------------+
; p    ; Input ; Info     ; Stuck at VCC           ;
+------+-------+----------+------------------------+


+--------------------------------------------------+
; Port Connectivity Checks: "register10:g9|ffd:g2" ;
+------+-------+----------+------------------------+
; Port ; Type  ; Severity ; Details                ;
+------+-------+----------+------------------------+
; p    ; Input ; Info     ; Stuck at VCC           ;
+------+-------+----------+------------------------+


+----------------------------------------------------------------------------------------------------------------+
; Port Connectivity Checks: "adder10:g8|full_adder:g10"                                                          ;
+------+--------+----------+-------------------------------------------------------------------------------------+
; Port ; Type   ; Severity ; Details                                                                             ;
+------+--------+----------+-------------------------------------------------------------------------------------+
; co   ; Output ; Info     ; Connected to dangling logic. Logic that only feeds a dangling port will be removed. ;
+------+--------+----------+-------------------------------------------------------------------------------------+


+----------------------------------------+
; Port Connectivity Checks: "adder10:g8" ;
+------+-------+----------+--------------+
; Port ; Type  ; Severity ; Details      ;
+------+-------+----------+--------------+
; b9   ; Input ; Info     ; Stuck at GND ;
; b8   ; Input ; Info     ; Stuck at GND ;
; b7   ; Input ; Info     ; Stuck at GND ;
; b6   ; Input ; Info     ; Stuck at GND ;
+------+-------+----------+--------------+


+----------------------------------------------------------------------------------------------------------------+
; Port Connectivity Checks: "counter4:g3|incrementer4:g2|half_adder:g4"                                          ;
+------+--------+----------+-------------------------------------------------------------------------------------+
; Port ; Type   ; Severity ; Details                                                                             ;
+------+--------+----------+-------------------------------------------------------------------------------------+
; co   ; Output ; Info     ; Connected to dangling logic. Logic that only feeds a dangling port will be removed. ;
+------+--------+----------+-------------------------------------------------------------------------------------+


+-----------------------------------------------------------------------+
; Port Connectivity Checks: "counter4:g3|incrementer4:g2|half_adder:g1" ;
+------+-------+----------+---------------------------------------------+
; Port ; Type  ; Severity ; Details                                     ;
+------+-------+----------+---------------------------------------------+
; b    ; Input ; Info     ; Stuck at VCC                                ;
+------+-------+----------+---------------------------------------------+


+-------------------------------------------------------------+
; Port Connectivity Checks: "counter4:g3|register4:g1|ffd:g8" ;
+------+-------+----------+-----------------------------------+
; Port ; Type  ; Severity ; Details                           ;
+------+-------+----------+-----------------------------------+
; p    ; Input ; Info     ; Stuck at VCC                      ;
+------+-------+----------+-----------------------------------+


+-------------------------------------------------------------+
; Port Connectivity Checks: "counter4:g3|register4:g1|ffd:g6" ;
+------+-------+----------+-----------------------------------+
; Port ; Type  ; Severity ; Details                           ;
+------+-------+----------+-----------------------------------+
; p    ; Input ; Info     ; Stuck at VCC                      ;
+------+-------+----------+-----------------------------------+


+-------------------------------------------------------------+
; Port Connectivity Checks: "counter4:g3|register4:g1|ffd:g4" ;
+------+-------+----------+-----------------------------------+
; Port ; Type  ; Severity ; Details                           ;
+------+-------+----------+-----------------------------------+
; p    ; Input ; Info     ; Stuck at VCC                      ;
+------+-------+----------+-----------------------------------+


+-------------------------------------------------------------+
; Port Connectivity Checks: "counter4:g3|register4:g1|ffd:g2" ;
+------+-------+----------+-----------------------------------+
; Port ; Type  ; Severity ; Details                           ;
+------+-------+----------+-----------------------------------+
; p    ; Input ; Info     ; Stuck at VCC                      ;
+------+-------+----------+-----------------------------------+


+-------------------------------+
; Elapsed Time Per Partition    ;
+----------------+--------------+
; Partition Name ; Elapsed Time ;
+----------------+--------------+
; Top            ; 00:00:02     ;
+----------------+--------------+


+-------------------------------+
; Analysis & Synthesis Messages ;
+-------------------------------+
Info: *******************************************************************
Info: Running Quartus II 64-Bit Analysis & Synthesis
    Info: Version 13.0.1 Build 232 06/12/2013 Service Pack 1 SJ Web Edition
    Info: Processing started: Wed Aug 14 16:56:55 2019
Info: Command: quartus_map --read_settings_files=on --write_settings_files=off VendingMachine -c VendingMachine
Warning (20028): Parallel compilation is not licensed and has been disabled
Info (12021): Found 2 design units, including 1 entities, in source file mde_b.vhd
    Info (12022): Found design unit 1: mde_b-ckt
    Info (12023): Found entity 1: mde_b
Info (12021): Found 2 design units, including 1 entities, in source file register4.vhd
    Info (12022): Found design unit 1: register4-ckt
    Info (12023): Found entity 1: register4
Info (12021): Found 2 design units, including 1 entities, in source file incrementer4.vhd
    Info (12022): Found design unit 1: incrementer4-ckt
    Info (12023): Found entity 1: incrementer4
Info (12021): Found 2 design units, including 1 entities, in source file counter4.vhd
    Info (12022): Found design unit 1: counter4-ckt
    Info (12023): Found entity 1: counter4
Info (12021): Found 2 design units, including 1 entities, in source file bin_to_bcd_6b.vhd
    Info (12022): Found design unit 1: bin_to_bcd_6b-ckt
    Info (12023): Found entity 1: bin_to_bcd_6b
Info (12021): Found 2 design units, including 1 entities, in source file sbutton.vhd
    Info (12022): Found design unit 1: sbutton-ckt
    Info (12023): Found entity 1: sbutton
Info (12021): Found 2 design units, including 1 entities, in source file clk_div.vhd
    Info (12022): Found design unit 1: CLK_Div-ckt
    Info (12023): Found entity 1: CLK_Div
Info (12021): Found 2 design units, including 1 entities, in source file bin_to_bcd_10b.vhd
    Info (12022): Found design unit 1: bin_to_bcd_10b-ckt
    Info (12023): Found entity 1: bin_to_bcd_10b
Info (12021): Found 2 design units, including 1 entities, in source file bcd_7segment.vhd
    Info (12022): Found design unit 1: bcd_7segment-ckt
    Info (12023): Found entity 1: bcd_7segment
Info (12021): Found 2 design units, including 1 entities, in source file half_adder.vhd
    Info (12022): Found design unit 1: half_adder-ckt
    Info (12023): Found entity 1: half_adder
Info (12021): Found 2 design units, including 1 entities, in source file register10.vhd
    Info (12022): Found design unit 1: register10-ckt
    Info (12023): Found entity 1: register10
Info (12021): Found 2 design units, including 1 entities, in source file mux2x1.vhd
    Info (12022): Found design unit 1: mux2x1-ckt
    Info (12023): Found entity 1: mux2x1
Info (12021): Found 2 design units, including 1 entities, in source file ffd.vhd
    Info (12022): Found design unit 1: ffd-ckt
    Info (12023): Found entity 1: ffd
Info (12021): Found 2 design units, including 1 entities, in source file full_adder.vhd
    Info (12022): Found design unit 1: full_adder-ckt
    Info (12023): Found entity 1: full_adder
Info (12021): Found 2 design units, including 1 entities, in source file adder10.vhd
    Info (12022): Found design unit 1: adder10-ckt
    Info (12023): Found entity 1: adder10
Info (12021): Found 2 design units, including 1 entities, in source file comp.vhd
    Info (12022): Found design unit 1: comp-ckt
    Info (12023): Found entity 1: comp
Info (12021): Found 2 design units, including 1 entities, in source file comp10.vhd
    Info (12022): Found design unit 1: comp10-ckt
    Info (12023): Found entity 1: comp10
Info (12021): Found 2 design units, including 1 entities, in source file vendingmachine.vhd
    Info (12022): Found design unit 1: VendingMachine-ckt
    Info (12023): Found entity 1: VendingMachine
Info (12021): Found 2 design units, including 1 entities, in source file rom.vhd
    Info (12022): Found design unit 1: rom-SYN
    Info (12023): Found entity 1: rom
Info (12127): Elaborating entity "VendingMachine" for the top level hierarchy
Warning (10036): Verilog HDL or VHDL warning at VendingMachine.vhd(19): object "wires8" assigned a value but never read
Warning (10036): Verilog HDL or VHDL warning at VendingMachine.vhd(19): object "wires9" assigned a value but never read
Info (12128): Elaborating entity "CLK_Div" for hierarchy "CLK_Div:g1"
Info (12128): Elaborating entity "sbutton" for hierarchy "sbutton:g2"
Info (12128): Elaborating entity "counter4" for hierarchy "counter4:g3"
Info (12128): Elaborating entity "register4" for hierarchy "counter4:g3|register4:g1"
Info (12128): Elaborating entity "mux2x1" for hierarchy "counter4:g3|register4:g1|mux2x1:g1"
Info (12128): Elaborating entity "ffd" for hierarchy "counter4:g3|register4:g1|ffd:g2"
Info (12128): Elaborating entity "incrementer4" for hierarchy "counter4:g3|incrementer4:g2"
Info (12128): Elaborating entity "half_adder" for hierarchy "counter4:g3|incrementer4:g2|half_adder:g1"
Info (12128): Elaborating entity "rom" for hierarchy "rom:g4"
Info (12128): Elaborating entity "altsyncram" for hierarchy "rom:g4|altsyncram:altsyncram_component"
Info (12130): Elaborated megafunction instantiation "rom:g4|altsyncram:altsyncram_component"
Info (12133): Instantiated megafunction "rom:g4|altsyncram:altsyncram_component" with the following parameter:
    Info (12134): Parameter "clock_enable_input_a" = "BYPASS"
    Info (12134): Parameter "clock_enable_output_a" = "BYPASS"
    Info (12134): Parameter "init_file" = "coin_values.mif"
    Info (12134): Parameter "intended_device_family" = "Cyclone II"
    Info (12134): Parameter "lpm_hint" = "ENABLE_RUNTIME_MOD=NO"
    Info (12134): Parameter "lpm_type" = "altsyncram"
    Info (12134): Parameter "numwords_a" = "16"
    Info (12134): Parameter "operation_mode" = "ROM"
    Info (12134): Parameter "outdata_aclr_a" = "NONE"
    Info (12134): Parameter "outdata_reg_a" = "UNREGISTERED"
    Info (12134): Parameter "widthad_a" = "4"
    Info (12134): Parameter "width_a" = "6"
    Info (12134): Parameter "width_byteena_a" = "1"
Info (12021): Found 1 design units, including 1 entities, in source file db/altsyncram_7981.tdf
    Info (12023): Found entity 1: altsyncram_7981
Info (12128): Elaborating entity "altsyncram_7981" for hierarchy "rom:g4|altsyncram:altsyncram_component|altsyncram_7981:auto_generated"
Info (12128): Elaborating entity "bin_to_bcd_6b" for hierarchy "bin_to_bcd_6b:g5"
Info (12128): Elaborating entity "bcd_7segment" for hierarchy "bcd_7segment:g6"
Info (12128): Elaborating entity "adder10" for hierarchy "adder10:g8"
Info (12128): Elaborating entity "full_adder" for hierarchy "adder10:g8|full_adder:g2"
Info (12128): Elaborating entity "register10" for hierarchy "register10:g9"
Info (12128): Elaborating entity "mde_b" for hierarchy "mde_b:g10"
Info (12128): Elaborating entity "comp10" for hierarchy "comp10:g11"
Info (12128): Elaborating entity "comp" for hierarchy "comp10:g11|comp:g1"
Info (12128): Elaborating entity "bin_to_bcd_10b" for hierarchy "bin_to_bcd_10b:g12"
Info (17049): 1 registers lost all their fanouts during netlist optimizations.
Info (16010): Generating hard_block partition "hard_block:auto_generated_inst"
    Info (16011): Adding 0 node(s), including 0 DDIO, 0 PLL, 0 transceiver and 0 LCELL
Info (21057): Implemented 201 device resources after synthesis - the final resource count might be different
    Info (21058): Implemented 11 input pins
    Info (21059): Implemented 39 output pins
    Info (21061): Implemented 145 logic cells
    Info (21064): Implemented 6 RAM segments
Info: Quartus II 64-Bit Analysis & Synthesis was successful. 0 errors, 3 warnings
    Info: Peak virtual memory: 4675 megabytes
    Info: Processing ended: Wed Aug 14 16:57:00 2019
    Info: Elapsed time: 00:00:05
    Info: Total CPU time (on all processors): 00:00:05


